<?xml version="1.0" encoding="UTF-8"?>
<persistence xmlns="http://java.sun.com/xml/ns/persistence"
	xmlns:xsi="http://www.w3.org/2001/XMLSchema-instance"
	xsi:schemaLocation="http://java.sun.com/xml/ns/persistence
		http://java.sun.com/xml/ns/persistence/persistence_2_0.xsd"
	version="2.0">
	<persistence-unit name="fespackPersistenceUnit"
		transaction-type="JTA">
		<description>FesPack Main Relational Persistence Unit</description>
		<!-- You can force a non-default JPA provider using one of these declarations -->
		<!-- <provider>org.eclipse.persistence.jpa.PersistenceProvider</provider> 
			<provider>org.hibernate.ejb.HibernatePersistence</provider> -->
		<provider>org.hibernate.ejb.HibernatePersistence</provider>
		<!-- jdbc/__default is the default data source in GlassFish -->
		<!-- The same data source is added to JBoss AS by deploying the project 
			file default-ds.xml -->
		<!-- <jta-data-source>jdbc/fespack</jta-data-source> -->
		<jta-data-source>java:jboss/datasources/arquillianTestDS</jta-data-source>
		<!-- MAPPED ENTITIES -->
		
		
		<!-- MAPPED ENTITIES -->
		
		
		<shared-cache-mode>ENABLE_SELECTIVE</shared-cache-mode>

		<properties>
			<!-- <property name="hibernate.transaction.manager_lookup_class" value="org.hibernate.transaction.JBossTransactionManagerLookup"/> -->
			<!-- Properties for Hibernate (default provider for JBoss AS) -->
			<!---->
			<property name="hibernate.hbm2ddl.auto" value="create-drop" />  <!-- validate | update | create | create-drop -->
			<property name="hibernate.show_sql" value="true" />
			<property name="hibernate.format_sql" value="true" />
			<property name="hibernate.dialect" value="org.hibernate.dialect.MySQLDialect" />
			<property name="hibernate.id.new_generator_mappings" value="false" />
			<!-- <property name="hibernate.transaction.flush_before_completion" value="true"/> -->
			<property name="javax.persistence.query.timeout" value="3600}" />
			<!-- SECOND LEVEL CACHE -->
			<property name="hibernate.cache.use_second_level_cache"
				value="true" />
			<property name="javax.persistence.sharedCache.mode" value="ENABLE_SELECTIVE" />
			<property name="hibernate.cache.use_query_cache" value="true" />
			<property name="hibernate.cache.use_minimal_puts" value="true" />

			<property name="hibernate.cache.provider_class"
				value="org.hibernate.cache.ehcache.SingletonEhCacheRegionFactory" />

			<property name="hibernate.cache.region.factory_class"
				value="org.hibernate.cache.ehcache.SingletonEhCacheRegionFactory" />
			<property name="net.sf.ehcache.configurationResourceName"
				value="ehcache/ehcache.xml" />
				

		</properties>
	</persistence-unit>

</persistence>
